<?xml version="1.0" encoding="UTF-8"?>
<!-- Generated by org.testng.reporters.JUnitXMLReporter -->
<testsuite hostname="RAJAZ-PC" ignored="0" name="Default test" tests="9" failures="0" timestamp="06 Jul 2020 06:24:48 GMT" time="0.769" errors="0">
  <testcase name="testCase1" time="0.02" classname="org.tcs.test.TestCases"/>
  <testcase name="testCase1" time="0.03" classname="org.tcs.test.TestCases"/>
  <testcase name="testCase1" time="0.036" classname="org.tcs.test.TestCases"/>
  <testcase name="testCase1" time="0.009" classname="org.tcs.test.TestCases"/>
  <testcase name="testCase1" time="0.009" classname="org.tcs.test.TestCases"/>
  <testcase name="testCase1" time="0.005" classname="org.tcs.test.TestCases"/>
  <testcase name="testCase1" time="0.01" classname="org.tcs.test.TestCases"/>
  <testcase name="testCase1" time="0.005" classname="org.tcs.test.TestCases"/>
  <testcase name="testCase1" time="0.005" classname="org.tcs.test.TestCases"/>
</testsuite> <!-- Default test -->
