<?xml version="1.0" encoding="UTF-8"?>
<!-- Generated by org.testng.reporters.JUnitXMLReporter -->
<testsuite hostname="RAJAZ-PC" ignored="0" name="Test" tests="10" failures="1" timestamp="13 Jul 2020 04:01:24 GMT" time="1.276" errors="0">
  <testcase name="testCase1" time="0.022" classname="org.tcs.test.TestCases"/>
  <testcase name="testCase1" time="0.106" classname="org.tcs.test.TestCases"/>
  <testcase name="testCase1" time="0.126" classname="org.tcs.test.TestCases"/>
  <testcase name="testCase1" time="0.011" classname="org.tcs.test.TestCases"/>
  <testcase name="testCase1" time="0.008" classname="org.tcs.test.TestCases"/>
  <testcase name="testCase1" time="0.005" classname="org.tcs.test.TestCases"/>
  <testcase name="testcase2" time="0.008" classname="org.tcs.test.TestCases">
    <skipped/>
  </testcase> <!-- testcase2 -->
  <testcase name="testcase2" time="0.002" classname="org.tcs.test.TestCases">
    <skipped/>
  </testcase> <!-- testcase2 -->
  <testcase name="testcase2" time="0.002" classname="org.tcs.test.TestCases">
    <skipped/>
  </testcase> <!-- testcase2 -->
  <testcase name="testcase2" time="0.002" classname="org.tcs.test.TestCases">
    <failure type="java.lang.AssertionError" message="null">
      <![CDATA[java.lang.AssertionError: null
at org.tcs.test.TestCases.testcase2(TestCases.java:32)
... Removed 27 stack frames]]>
    </failure>
  </testcase> <!-- testcase2 -->
</testsuite> <!-- Test -->
